c:\users\kenan_0lb9woı\source\repos\learnıng c++\c++ lessons\debug\vc142.pdb
c:\users\kenan_0lb9woı\source\repos\learnıng c++\c++ lessons\debug\vc142.ıdb
c:\users\kenan_0lb9woı\source\repos\learnıng c++\c++ lessons\debug\maın.obj
c:\users\kenan_0lb9woı\source\repos\learnıng c++\c++ lessons\debug\lesson1.obj
c:\users\kenan_0lb9woı\source\repos\learnıng c++\debug\c++ lessons.exe
c:\users\kenan_0lb9woı\source\repos\learnıng c++\debug\c++ lessons.ılk
c:\users\kenan_0lb9woı\source\repos\learnıng c++\debug\c++ lessons.pdb
c:\users\kenan_0lb9woi\source\repos\learning c++\c++ lessons\debug\lesson1.obj
c:\users\kenan_0lb9woi\source\repos\learning c++\c++ lessons\debug\main.obj
c:\users\kenan_0lb9woi\source\repos\learning c++\c++ lessons\debug\vc142.idb
c:\users\kenan_0lb9woi\source\repos\learning c++\c++ lessons\debug\vc142.pdb
c:\users\kenan_0lb9woi\source\repos\learning c++\debug\c++ lessons.pdb
c:\users\kenan_0lb9woi\source\repos\learning c++\debug\c++ lessons.exe
c:\users\kenan_0lb9woi\source\repos\learning c++\debug\c++ lessons.ilk
c:\users\kenan_0lb9woi\source\repos\learning c++\c++ lessons\debug\c++ lessons.tlog\cl.command.1.tlog
c:\users\kenan_0lb9woi\source\repos\learning c++\c++ lessons\debug\c++ lessons.tlog\cl.read.1.tlog
c:\users\kenan_0lb9woi\source\repos\learning c++\c++ lessons\debug\c++ lessons.tlog\cl.write.1.tlog
c:\users\kenan_0lb9woi\source\repos\learning c++\c++ lessons\debug\c++ lessons.tlog\link.command.1.tlog
c:\users\kenan_0lb9woi\source\repos\learning c++\c++ lessons\debug\c++ lessons.tlog\link.read.1.tlog
c:\users\kenan_0lb9woi\source\repos\learning c++\c++ lessons\debug\c++ lessons.tlog\link.write.1.tlog
